<?xml version="1.0" encoding="UTF-8"?>
<testsuite name="org.finalproject.BirdTest" tests="2" skipped="0" failures="0" errors="0" timestamp="2024-04-12T19:51:19" hostname="PETER_LAPTOP" time="0.014">
  <properties/>
  <testcase name="flapWings()" classname="org.finalproject.BirdTest" time="0.012"/>
  <testcase name="fall()" classname="org.finalproject.BirdTest" time="0.001"/>
  <system-out><![CDATA[]]></system-out>
  <system-err><![CDATA[]]></system-err>
</testsuite>
